<?xml version="1.0" encoding="UTF-8"?>
<!-- Generated by org.testng.reporters.JUnitXMLReporter -->
<testsuite hostname="CPX-ANXXTNSGFUP" ignored="0" name="Default test" tests="7" failures="0" timestamp="02 kwi 2019 06:33:29 GMT" time="3.569" errors="0">
  <testcase name="@BeforeTest init" time="3.469" classname="selenideTest.SelenideTest">
    <failure type="java.lang.RuntimeException" message="Failed to create new instance of class selenidePage.GooglePage">
      <![CDATA[java.lang.RuntimeException: Failed to create new instance of class selenidePage.GooglePage
at com.codeborne.selenide.Selenide.page(Selenide.java:601)
at selenidePage.GooglePage.setDriver(GooglePage.java:22)
at selenideTest.SelenideTest.init(SelenideTest.java:16)
at sun.reflect.NativeMethodAccessorImpl.invoke0(Native Method)
at sun.reflect.NativeMethodAccessorImpl.invoke(NativeMethodAccessorImpl.java:62)
at sun.reflect.DelegatingMethodAccessorImpl.invoke(DelegatingMethodAccessorImpl.java:43)
at java.lang.reflect.Method.invoke(Method.java:498)
at org.testng.internal.MethodInvocationHelper.invokeMethod(MethodInvocationHelper.java:124)
at org.testng.internal.MethodInvocationHelper.invokeMethodConsideringTimeout(MethodInvocationHelper.java:59)
at org.testng.internal.Invoker.invokeConfigurationMethod(Invoker.java:455)
at org.testng.internal.Invoker.invokeConfigurations(Invoker.java:222)
at org.testng.internal.Invoker.invokeConfigurations(Invoker.java:142)
at org.testng.TestRunner.beforeRun(TestRunner.java:529)
at org.testng.TestRunner.run(TestRunner.java:497)
at org.testng.SuiteRunner.runTest(SuiteRunner.java:455)
at org.testng.SuiteRunner.runSequentially(SuiteRunner.java:450)
at org.testng.SuiteRunner.privateRun(SuiteRunner.java:415)
at org.testng.SuiteRunner.run(SuiteRunner.java:364)
at org.testng.SuiteRunnerWorker.runSuite(SuiteRunnerWorker.java:52)
at org.testng.SuiteRunnerWorker.run(SuiteRunnerWorker.java:84)
at org.testng.TestNG.runSuitesSequentially(TestNG.java:1208)
at org.testng.TestNG.runSuitesLocally(TestNG.java:1137)
at org.testng.TestNG.runSuites(TestNG.java:1049)
at org.testng.TestNG.run(TestNG.java:1017)
at org.testng.remote.AbstractRemoteTestNG.run(AbstractRemoteTestNG.java:114)
at org.testng.remote.RemoteTestNG.initAndRun(RemoteTestNG.java:251)
at org.testng.remote.RemoteTestNG.main(RemoteTestNG.java:77)
Caused by: org.openqa.selenium.SessionNotCreatedException: Unable to create new remote session. desired capabilities = Capabilities [{acceptSslCerts=true, pageLoadStrategy=normal}], required capabilities = Capabilities [{}]
Build info: version: '3.3.1', revision: '5234b325d5', time: '2017-03-10 09:10:29 +0000'
System info: host: 'CPX-ANXXTNSGFUP', ip: '10.126.41.162', os.name: 'Windows 10', os.arch: 'amd64', os.version: '10.0', java.version: '1.8.0_181'
Driver info: driver.version: InternetExplorerDriver
at org.openqa.selenium.remote.ProtocolHandshake.createSession(ProtocolHandshake.java:126)
at org.openqa.selenium.remote.HttpCommandExecutor.execute(HttpCommandExecutor.java:141)
at org.openqa.selenium.remote.service.DriverCommandExecutor.execute(DriverCommandExecutor.java:82)
at org.openqa.selenium.remote.RemoteWebDriver.execute(RemoteWebDriver.java:604)
at org.openqa.selenium.remote.RemoteWebDriver.startSession(RemoteWebDriver.java:244)
at org.openqa.selenium.remote.RemoteWebDriver.startSession(RemoteWebDriver.java:230)
at org.openqa.selenium.ie.InternetExplorerDriver.run(InternetExplorerDriver.java:180)
at org.openqa.selenium.ie.InternetExplorerDriver.<init>(InternetExplorerDriver.java:172)
at org.openqa.selenium.ie.InternetExplorerDriver.<init>(InternetExplorerDriver.java:148)
at com.codeborne.selenide.webdriver.WebDriverFactory.createInternetExplorerDriver(WebDriverFactory.java:231)
at com.codeborne.selenide.webdriver.WebDriverFactory.createWebDriver(WebDriverFactory.java:53)
at com.codeborne.selenide.impl.WebDriverThreadLocalContainer.createDriver(WebDriverThreadLocalContainer.java:240)
at com.codeborne.selenide.impl.WebDriverThreadLocalContainer.getWebDriver(WebDriverThreadLocalContainer.java:98)
at com.codeborne.selenide.WebDriverRunner.getWebDriver(WebDriverRunner.java:119)
at com.codeborne.selenide.Selenide.page(Selenide.java:610)
at com.codeborne.selenide.Selenide.page(Selenide.java:599)
... 26 more
]]>
    </failure>
  </testcase> <!-- @BeforeTest init -->
  <testcase name="googleSearch" time="0.0" classname="selenideTest.SelenideTest">
    <skipped/>
  </testcase> <!-- googleSearch -->
  <testcase name="sendPersonalData" time="0.0" classname="selenideTest.SelenideTest">
    <skipped/>
  </testcase> <!-- sendPersonalData -->
  <testcase name="chooseDateAndPicture" time="0.0" classname="selenideTest.SelenideTest">
    <skipped/>
  </testcase> <!-- chooseDateAndPicture -->
  <testcase name="downloadFramework" time="0.0" classname="selenideTest.SelenideTest">
    <skipped/>
  </testcase> <!-- downloadFramework -->
  <testcase name="pickFromListboxes" time="0.0" classname="selenideTest.SelenideTest">
    <skipped/>
  </testcase> <!-- pickFromListboxes -->
  <testcase name="sendForm" time="0.0" classname="selenideTest.SelenideTest">
    <skipped/>
  </testcase> <!-- sendForm -->
  <testcase name="checkTable" time="0.0" classname="selenideTest.SelenideTest">
    <skipped/>
  </testcase> <!-- checkTable -->
</testsuite> <!-- Default test -->
